0 info it worked if it ends with ok
1 verbose cli [ '/usr/bin/nodejs', '/usr/bin/npm', 'install', '-g', 'node' ]
2 info using npm@3.5.2
3 info using node@v4.2.6
4 silly loadCurrentTree Starting
5 silly install loadCurrentTree
6 silly install readGlobalPackageData
7 silly fetchPackageMetaData node
8 silly fetchNamedPackageData node
9 silly mapToRegistry name node
10 silly mapToRegistry using default registry
11 silly mapToRegistry registry https://registry.npmjs.org/
12 silly mapToRegistry uri https://registry.npmjs.org/node
13 verbose request uri https://registry.npmjs.org/node
14 verbose request no auth needed
15 info attempt registry request try #1 at 2:04:19 PM
16 verbose request id b8b526304f50cf35
17 http request GET https://registry.npmjs.org/node
18 http 200 https://registry.npmjs.org/node
19 verbose headers { server: 'nginx/1.10.1',
19 verbose headers   'content-type': 'application/json',
19 verbose headers   'last-modified': 'Thu, 28 Sep 2017 22:13:50 GMT',
19 verbose headers   etag: 'W/"59cd741e-4e34a"',
19 verbose headers   'content-encoding': 'gzip',
19 verbose headers   'cache-control': 'max-age=300',
19 verbose headers   'content-length': '51508',
19 verbose headers   'accept-ranges': 'bytes',
19 verbose headers   date: 'Sat, 14 Oct 2017 14:04:19 GMT',
19 verbose headers   via: '1.1 varnish',
19 verbose headers   age: '0',
19 verbose headers   connection: 'keep-alive',
19 verbose headers   'x-served-by': 'cache-iad2143-IAD',
19 verbose headers   'x-cache': 'MISS',
19 verbose headers   'x-cache-hits': '0',
19 verbose headers   'x-timer': 'S1507989860.709358,VS0,VE8',
19 verbose headers   vary: 'Accept-Encoding, Accept' }
20 silly get cb [ 200,
20 silly get   { server: 'nginx/1.10.1',
20 silly get     'content-type': 'application/json',
20 silly get     'last-modified': 'Thu, 28 Sep 2017 22:13:50 GMT',
20 silly get     etag: 'W/"59cd741e-4e34a"',
20 silly get     'content-encoding': 'gzip',
20 silly get     'cache-control': 'max-age=300',
20 silly get     'content-length': '51508',
20 silly get     'accept-ranges': 'bytes',
20 silly get     date: 'Sat, 14 Oct 2017 14:04:19 GMT',
20 silly get     via: '1.1 varnish',
20 silly get     age: '0',
20 silly get     connection: 'keep-alive',
20 silly get     'x-served-by': 'cache-iad2143-IAD',
20 silly get     'x-cache': 'MISS',
20 silly get     'x-cache-hits': '0',
20 silly get     'x-timer': 'S1507989860.709358,VS0,VE8',
20 silly get     vary: 'Accept-Encoding, Accept' } ]
21 verbose get saving node to /home/ubuntu/.npm/registry.npmjs.org/node/.cache.json
22 verbose makeDirectory /home/ubuntu/.npm creation not in flight; initializing
23 silly makeDirectory /home/ubuntu/.npm uid: 1000 gid: 1000
24 silly install normalizeTree
25 silly loadCurrentTree Finishing
26 silly loadIdealTree Starting
27 silly install loadIdealTree
28 silly cloneCurrentTree Starting
29 silly install cloneCurrentTreeToIdealTree
30 silly cloneCurrentTree Finishing
31 silly loadShrinkwrap Starting
32 silly install loadShrinkwrap
33 silly loadShrinkwrap Finishing
34 silly loadAllDepsIntoIdealTree Starting
35 silly install loadAllDepsIntoIdealTree
36 silly resolveWithNewModule node@8.3.0 checking installable status
37 silly cache add args [ 'node', null ]
38 verbose cache add spec node
39 silly cache add parsed spec Result {
39 silly cache add   raw: 'node',
39 silly cache add   scope: null,
39 silly cache add   name: 'node',
39 silly cache add   rawSpec: '',
39 silly cache add   spec: 'latest',
39 silly cache add   type: 'tag' }
40 silly addNamed node@latest
41 verbose addNamed "latest" is being treated as a dist-tag for node
42 info addNameTag [ 'node', 'latest' ]
43 silly mapToRegistry name node
44 silly mapToRegistry using default registry
45 silly mapToRegistry registry https://registry.npmjs.org/
46 silly mapToRegistry uri https://registry.npmjs.org/node
47 verbose addNameTag registry:https://registry.npmjs.org/node not in flight; fetching
48 verbose get https://registry.npmjs.org/node not expired, no request
49 silly addNameTag next cb for node with tag latest
50 silly addNamed node@8.3.0
51 verbose addNamed "8.3.0" is a plain semver version for node
52 silly mapToRegistry name node
53 silly mapToRegistry using default registry
54 silly mapToRegistry registry https://registry.npmjs.org/
55 silly mapToRegistry uri https://registry.npmjs.org/node
56 verbose addRemoteTarball https://registry.npmjs.org/node/-/node-8.3.0.tgz not in flight; adding
57 verbose addRemoteTarball [ 'https://registry.npmjs.org/node/-/node-8.3.0.tgz',
57 verbose addRemoteTarball   '478e84ffcc4be39938306ace1c4613c8231e5f44' ]
58 info retry fetch attempt 1 at 2:04:19 PM
59 info attempt registry request try #1 at 2:04:19 PM
60 http fetch GET https://registry.npmjs.org/node/-/node-8.3.0.tgz
61 http fetch 200 https://registry.npmjs.org/node/-/node-8.3.0.tgz
62 silly fetchAndShaCheck shasum 478e84ffcc4be39938306ace1c4613c8231e5f44
63 verbose addTmpTarball /tmp/npm-1218-f370e5b5/registry.npmjs.org/node/-/node-8.3.0.tgz not in flight; adding
64 verbose addTmpTarball already have metadata; skipping unpack for node@8.3.0
65 silly cache afterAdd node@8.3.0
66 verbose afterAdd /home/ubuntu/.npm/node/8.3.0/package/package.json not in flight; writing
67 verbose afterAdd /home/ubuntu/.npm/node/8.3.0/package/package.json written
68 silly fetchNamedPackageData node-bin-setup
69 silly mapToRegistry name node-bin-setup
70 silly mapToRegistry using default registry
71 silly mapToRegistry registry https://registry.npmjs.org/
72 silly mapToRegistry uri https://registry.npmjs.org/node-bin-setup
73 verbose request uri https://registry.npmjs.org/node-bin-setup
74 verbose request no auth needed
75 info attempt registry request try #1 at 2:04:19 PM
76 http request GET https://registry.npmjs.org/node-bin-setup
77 http 200 https://registry.npmjs.org/node-bin-setup
78 verbose headers { server: 'nginx/1.10.1',
78 verbose headers   'content-type': 'application/json',
78 verbose headers   'last-modified': 'Tue, 25 Jul 2017 03:32:58 GMT',
78 verbose headers   etag: 'W/"5976bbea-1511"',
78 verbose headers   'content-encoding': 'gzip',
78 verbose headers   'cache-control': 'max-age=300',
78 verbose headers   'content-length': '1464',
78 verbose headers   'accept-ranges': 'bytes',
78 verbose headers   date: 'Sat, 14 Oct 2017 14:04:19 GMT',
78 verbose headers   via: '1.1 varnish',
78 verbose headers   age: '0',
78 verbose headers   connection: 'keep-alive',
78 verbose headers   'x-served-by': 'cache-iad2150-IAD',
78 verbose headers   'x-cache': 'MISS',
78 verbose headers   'x-cache-hits': '0',
78 verbose headers   'x-timer': 'S1507989860.958975,VS0,VE9',
78 verbose headers   vary: 'Accept-Encoding, Accept' }
79 silly get cb [ 200,
79 silly get   { server: 'nginx/1.10.1',
79 silly get     'content-type': 'application/json',
79 silly get     'last-modified': 'Tue, 25 Jul 2017 03:32:58 GMT',
79 silly get     etag: 'W/"5976bbea-1511"',
79 silly get     'content-encoding': 'gzip',
79 silly get     'cache-control': 'max-age=300',
79 silly get     'content-length': '1464',
79 silly get     'accept-ranges': 'bytes',
79 silly get     date: 'Sat, 14 Oct 2017 14:04:19 GMT',
79 silly get     via: '1.1 varnish',
79 silly get     age: '0',
79 silly get     connection: 'keep-alive',
79 silly get     'x-served-by': 'cache-iad2150-IAD',
79 silly get     'x-cache': 'MISS',
79 silly get     'x-cache-hits': '0',
79 silly get     'x-timer': 'S1507989860.958975,VS0,VE9',
79 silly get     vary: 'Accept-Encoding, Accept' } ]
80 verbose get saving node-bin-setup to /home/ubuntu/.npm/registry.npmjs.org/node-bin-setup/.cache.json
81 silly resolveWithNewModule node-bin-setup@1.0.6 checking installable status
82 silly cache add args [ 'node-bin-setup@^1.0.0', null ]
83 verbose cache add spec node-bin-setup@^1.0.0
84 silly cache add parsed spec Result {
84 silly cache add   raw: 'node-bin-setup@^1.0.0',
84 silly cache add   scope: null,
84 silly cache add   name: 'node-bin-setup',
84 silly cache add   rawSpec: '^1.0.0',
84 silly cache add   spec: '>=1.0.0 <2.0.0',
84 silly cache add   type: 'range' }
85 silly addNamed node-bin-setup@>=1.0.0 <2.0.0
86 verbose addNamed ">=1.0.0 <2.0.0" is a valid semver range for node-bin-setup
87 silly addNameRange { name: 'node-bin-setup',
87 silly addNameRange   range: '>=1.0.0 <2.0.0',
87 silly addNameRange   hasData: false }
88 silly mapToRegistry name node-bin-setup
89 silly mapToRegistry using default registry
90 silly mapToRegistry registry https://registry.npmjs.org/
91 silly mapToRegistry uri https://registry.npmjs.org/node-bin-setup
92 verbose addNameRange registry:https://registry.npmjs.org/node-bin-setup not in flight; fetching
93 verbose get https://registry.npmjs.org/node-bin-setup not expired, no request
94 silly addNameRange number 2 { name: 'node-bin-setup',
94 silly addNameRange   range: '>=1.0.0 <2.0.0',
94 silly addNameRange   hasData: true }
95 silly addNameRange versions [ 'node-bin-setup',
95 silly addNameRange   [ '1.0.0', '1.0.1', '1.0.2', '1.0.3', '1.0.4', '1.0.6' ] ]
96 silly addNamed node-bin-setup@1.0.6
97 verbose addNamed "1.0.6" is a plain semver version for node-bin-setup
98 silly mapToRegistry name node-bin-setup
99 silly mapToRegistry using default registry
100 silly mapToRegistry registry https://registry.npmjs.org/
101 silly mapToRegistry uri https://registry.npmjs.org/node-bin-setup
102 verbose addRemoteTarball https://registry.npmjs.org/node-bin-setup/-/node-bin-setup-1.0.6.tgz not in flight; adding
103 verbose addRemoteTarball [ 'https://registry.npmjs.org/node-bin-setup/-/node-bin-setup-1.0.6.tgz',
103 verbose addRemoteTarball   '4b5c9bb937ece702d7069b36ca78af4684677528' ]
104 info retry fetch attempt 1 at 2:04:19 PM
105 info attempt registry request try #1 at 2:04:19 PM
106 http fetch GET https://registry.npmjs.org/node-bin-setup/-/node-bin-setup-1.0.6.tgz
107 http fetch 200 https://registry.npmjs.org/node-bin-setup/-/node-bin-setup-1.0.6.tgz
108 silly fetchAndShaCheck shasum 4b5c9bb937ece702d7069b36ca78af4684677528
109 verbose addTmpTarball /tmp/npm-1218-f370e5b5/registry.npmjs.org/node-bin-setup/-/node-bin-setup-1.0.6.tgz not in flight; adding
110 verbose addTmpTarball already have metadata; skipping unpack for node-bin-setup@1.0.6
111 silly cache afterAdd node-bin-setup@1.0.6
112 verbose afterAdd /home/ubuntu/.npm/node-bin-setup/1.0.6/package/package.json not in flight; writing
113 verbose afterAdd /home/ubuntu/.npm/node-bin-setup/1.0.6/package/package.json written
114 silly loadAllDepsIntoIdealTree Finishing
115 silly idealTree:prePrune lib
115 silly idealTree:prePrune └─┬ node@8.3.0
115 silly idealTree:prePrune   └── node-bin-setup@1.0.6
116 silly loadIdealTree Finishing
117 silly currentTree lib
118 silly idealTree lib
118 silly idealTree └─┬ node@8.3.0
118 silly idealTree   └── node-bin-setup@1.0.6
119 silly generateActionsToTake Starting
120 silly install generateActionsToTake
121 silly generateActionsToTake Finishing
122 silly diffTrees action count 2
123 silly diffTrees add node-bin-setup@1.0.6
124 silly diffTrees add node@8.3.0
125 silly decomposeActions action count 16
126 silly decomposeActions fetch node-bin-setup@1.0.6
127 silly decomposeActions extract node-bin-setup@1.0.6
128 silly decomposeActions test node-bin-setup@1.0.6
129 silly decomposeActions preinstall node-bin-setup@1.0.6
130 silly decomposeActions build node-bin-setup@1.0.6
131 silly decomposeActions install node-bin-setup@1.0.6
132 silly decomposeActions postinstall node-bin-setup@1.0.6
133 silly decomposeActions finalize node-bin-setup@1.0.6
134 silly decomposeActions fetch node@8.3.0
135 silly decomposeActions extract node@8.3.0
136 silly decomposeActions test node@8.3.0
137 silly decomposeActions preinstall node@8.3.0
138 silly decomposeActions build node@8.3.0
139 silly decomposeActions install node@8.3.0
140 silly decomposeActions postinstall node@8.3.0
141 silly decomposeActions finalize node@8.3.0
142 silly executeActions Starting
143 silly install executeActions
144 silly doSerial global-install 0
145 silly doParallel fetch 2
146 verbose makeDirectory /home/ubuntu/.npm/_locks creation not in flight; initializing
147 silly makeDirectory /home/ubuntu/.npm/_locks uid: 1000 gid: 1000
148 verbose lock using /home/ubuntu/.npm/_locks/staging-3a08f0df5026584d.lock for /usr/local/lib/node_modules/.staging
149 silly doParallel extract 2
150 silly extract node-bin-setup@1.0.6
151 silly extract node@8.3.0
152 verbose unbuild lib/node_modules/.staging/node-bin-setup-e96ff650
153 verbose unbuild lib/node_modules/.staging/node-120c5c5f
154 silly gentlyRm /usr/local/lib/node_modules/.staging/node-bin-setup-e96ff650 is being purged from base /usr/local
155 verbose gentlyRm don't care about contents; nuking /usr/local/lib/node_modules/.staging/node-bin-setup-e96ff650
156 verbose tar unpack /home/ubuntu/.npm/node-bin-setup/1.0.6/package.tgz
157 verbose tar unpacking to /usr/local/lib/node_modules/.staging/node-bin-setup-e96ff650
158 silly gentlyRm /usr/local/lib/node_modules/.staging/node-bin-setup-e96ff650 is being purged
159 verbose gentlyRm don't care about contents; nuking /usr/local/lib/node_modules/.staging/node-bin-setup-e96ff650
160 silly gentlyRm /usr/local/lib/node_modules/.staging/node-120c5c5f is being purged from base /usr/local
161 verbose gentlyRm don't care about contents; nuking /usr/local/lib/node_modules/.staging/node-120c5c5f
162 silly gunzTarPerm modes [ '755', '644' ]
163 verbose tar unpack /home/ubuntu/.npm/node/8.3.0/package.tgz
164 verbose tar unpacking to /usr/local/lib/node_modules/.staging/node-120c5c5f
165 silly gentlyRm /usr/local/lib/node_modules/.staging/node-120c5c5f is being purged
166 verbose gentlyRm don't care about contents; nuking /usr/local/lib/node_modules/.staging/node-120c5c5f
167 silly gunzTarPerm modes [ '755', '644' ]
168 silly gunzTarPerm extractEntry package.json
169 silly gunzTarPerm extractEntry package.json
170 silly gunzTarPerm extractEntry index.js
171 silly gunzTarPerm extractEntry README.md
172 silly gunzTarPerm extractEntry installArchSpecificPackage.js
173 silly gentlyRm /usr/local/lib/node_modules/.staging/node-bin-setup-e96ff650/node_modules is being purged
174 verbose gentlyRm don't care about contents; nuking /usr/local/lib/node_modules/.staging/node-bin-setup-e96ff650/node_modules
175 silly gentlyRm /usr/local/lib/node_modules/.staging/node-120c5c5f/node_modules is being purged
176 verbose gentlyRm don't care about contents; nuking /usr/local/lib/node_modules/.staging/node-120c5c5f/node_modules
177 silly doParallel preinstall 2
178 silly preinstall node-bin-setup@1.0.6 /usr/local/lib/node_modules/.staging/node-bin-setup-e96ff650
179 info lifecycle node-bin-setup@1.0.6~preinstall: node-bin-setup@1.0.6
180 silly preinstall node@8.3.0 /usr/local/lib/node_modules/.staging/node-120c5c5f
181 info lifecycle node@8.3.0~preinstall: node@8.3.0
182 silly lifecycle node-bin-setup@1.0.6~preinstall: no script for preinstall, continuing
183 warn lifecycle node@8.3.0~preinstall: cannot run in wd %s %s (wd=%s) node@8.3.0 node installArchSpecificPackage /usr/local/lib/node_modules/.staging/node-120c5c5f
184 silly doReverseSerial remove 0
185 silly doSerial move 0
186 silly doSerial finalize 2
187 silly finalize /usr/local/lib/node_modules/node/node_modules/node-bin-setup
188 silly finalize /usr/local/lib/node_modules/node
189 silly doSerial build 2
190 silly build node-bin-setup@1.0.6
191 info linkStuff node-bin-setup@1.0.6
192 silly linkStuff node-bin-setup@1.0.6 has /usr/local/lib/node_modules/node/node_modules as its parent node_modules
193 silly linkStuff node-bin-setup@1.0.6 is part of a global install
194 silly linkStuff node-bin-setup@1.0.6 is installed into a global node_modules
195 verbose linkBins node-bin-setup@1.0.6
196 verbose linkMans node-bin-setup@1.0.6
197 silly build node@8.3.0
198 info linkStuff node@8.3.0
199 silly linkStuff node@8.3.0 has /usr/local/lib/node_modules as its parent node_modules
200 silly linkStuff node@8.3.0 is part of a global install
201 silly linkStuff node@8.3.0 is installed into a global node_modules
202 silly linkStuff node@8.3.0 is installed into the top-level global node_modules
203 verbose linkBins node@8.3.0
204 verbose link bins [ { node: 'bin/node' }, '/usr/local/bin', true ]
205 verbose linkMans node@8.3.0
206 verbose unlock done using /home/ubuntu/.npm/_locks/staging-3a08f0df5026584d.lock for /usr/local/lib/node_modules/.staging
207 silly rollbackFailedOptional Starting
208 silly rollbackFailedOptional Finishing
209 silly runTopLevelLifecycles Starting
210 silly runTopLevelLifecycles Finishing
211 silly install printInstalled
212 verbose stack Error: ENOENT: no such file or directory, chmod '/usr/local/lib/node_modules/node/bin/node'
212 verbose stack     at Error (native)
213 verbose cwd /var/www/html/restaurant
214 error Linux 4.4.0-1022-aws
215 error argv "/usr/bin/nodejs" "/usr/bin/npm" "install" "-g" "node"
216 error node v4.2.6
217 error npm  v3.5.2
218 error path /usr/local/lib/node_modules/node/bin/node
219 error code ENOENT
220 error errno -2
221 error syscall chmod
222 error enoent ENOENT: no such file or directory, chmod '/usr/local/lib/node_modules/node/bin/node'
223 error enoent ENOENT: no such file or directory, chmod '/usr/local/lib/node_modules/node/bin/node'
223 error enoent This is most likely not a problem with npm itself
223 error enoent and is related to npm not being able to find a file.
224 verbose exit [ -2, true ]
